31672304 3(53475)
780423121 1(324064)
5697 4(5)
12151 7(5)
273938362 2(317030)
20 7(2)
5207 3(5)
15872 1(6)
230469435 3(39873)
17 7(2)
920699264 4(319357)
664333443 5(29877)
717086708 5(316316)
9803 6(5)
315505655 4(42760)
9803 6(5)
1 8(5)
763047541 7(325317)
812 6(4)
4 4(2)
7 4(2)
12 7(2)
6 1(2)
5375 3(5)
1291 1(5)
437179527 7(315087)
10 8(2)
12151 7(5)
13 2(2)
6 1(2)
5 1(2)
806218884 1(317815)
3 3(2)
169200563 2(39482)
13 2(2)
6535 4(5)
622010477 1(33856)
5 2(2)
602019797 2(321061)
6410 3(5)
9803 6(5)
4 4(2)
2 1(2)
145 1(4)
65 5(3)
270 2(4)
130976940 4(317893)
485654064 8(315439)
3 3(2)
12151 7(5)
961079647 8(317052)
635155301 3(39169)
3 3(2)
16 1(3)
26 4(2)
465508940 1(44765)
15872 1(6)
6172 4(5)
145 1(4)
4 4(2)
8 7(2)
1461 1(5)
12152 7(5)
1 1(2)
143368 8(6)
793094088 5(318742)
836375108 1(318489)
16 8(2)
6172 4(5)
645 5(4)
6410 3(5)
15325 8(5)
12152 7(5)
594635519 1(331145)
350865061 4(37358)
1 1(2)
959106395 9(48211)
726717108 8(313499)
7 1(2)
706622327 6(323830)
779041243 7(392)
12151 7(5)
793719220 7(318543)
471994789 3(317738)
8 1(2)
5 1(2)
298697772 4(317568)
646171486 8(23971)
5 1(2)
471586700 7(35201)
22 3(2)
5207 3(5)
9578 5(5)
1461 1(5)
9803 6(5)
0 9(5)
848866018 7(316122)
128 1(4)
6 1(2)
6172 4(5)
564439474 6(322173)
1083 8(4)
10 1(2)
899279736 3(315963)
9803 6(5)
505383729 1(34334)
214879713 6(45137)
11437 7(5)
8 1(2)
35841 2(6)
498557775 8(34972)
614522673 7(31513)
341727070 6(11869)
145 1(4)
2848 2(5)
9803 6(5)
323926015 8(29651)
4831 2(5)
893496647 6(325244)
9803 6(5)
688816548 8(28985)
2848 2(5)
12152 7(5)
485566665 2(32209)
11 5(2)
145 1(4)
80077086 9(39725)
145 1(4)
178403568 7(46958)
5207 3(5)
1 1(2)
387339952 6(315202)
1041 6(4)
15 2(2)
6535 4(5)
7 3(2)
5207 3(5)
2923 2(5)
1542 1(5)
9578 5(5)
8 7(2)
966845643 1(37178)
9802 6(5)
15623 9(5)
7 1(2)
8 1(2)
10 4(2)
1542 1(5)
12151 7(5)
6 1(2)
6172 4(5)
279100188 3(314262)
9803 6(5)
5 1(2)
4 2(2)
5697 4(5)
8 1(2)
816342832 4(31825)
7 1(2)
2415 1(5)
541106541 5(319001)
739289759 4(321735)
15 2(2)
11437 7(5)
6172 4(5)
268491479 9(29740)
15 8(2)
767895543 9(325210)
143 7(3)
4 4(2)
835698705 6(317036)
2848 2(5)
7 1(2)
12151 7(5)
48 2(3)
5697 4(5)
15 9(2)
12151 7(5)
753766343 9(314172)
746209834 7(316974)
3 3(2)
11437 7(5)
10 4(2)
102 5(3)
65 5(3)
5 2(2)
6535 4(5)
3 3(2)
5 3(2)
528 4(4)
528 4(4)
610266170 8(314023)
3173 2(5)
4 4(2)
403376378 5(330849)
145 1(4)
2415 1(5)
101877551 3(313854)
12697 8(5)
623850739 2(641)
757998358 5(29307)
91142279 2(315766)
4 1(2)
304691677 1(320977)
161654369 7(315360)
1 1(2)
145 1(4)
9803 6(5)
8 4(2)
145 1(4)
9803 6(5)
618714227 8(317206)
3 3(2)
668223363 8(317775)
165141721 2(32725)
4830 2(5)
2 1(2)
919198025 5(62)
625212536 8(30104)
912754110 1(315131)
1083 8(4)
7246 3(5)
2923 2(5)
633081661 2(34267)
9578 5(5)
328142827 5(313938)
84364366 6(43843)
7 1(2)
3 3(2)
516928172 3(319499)
915235469 6(321923)
528 4(4)
8960 5(5)
103358 8(6)
778103792 2(321462)
30 5(2)
6 2(2)
426104071 3(316639)
17093 8(5)
7 1(2)
15 8(2)
736979409 1(326045)
869292647 3(320602)
960080806 4(314283)
95785 5(6)
29566643 6(48289)
5207 3(5)
8 7(2)
6 1(2)
6 1(2)
1 1(2)
465266145 5(321196)
788413250 8(323013)
371154816 3(325736)
390453868 7(318984)
103358 8(6)
11437 7(5)
12151 7(5)
65 5(3)
779638555 5(32887)
8 7(2)
4 2(2)
145 1(4)
912678418 5(328488)
75 4(3)
10 9(2)
12 2(2)
18 2(2)
957273040 1(313996)
60 3(3)
5375 3(5)
8 3(2)
6172 4(5)
28721267 3(36806)
6535 4(5)
12697 8(5)
7 3(2)
1354 1(5)
8 7(2)
1461 1(5)
12 6(2)
5207 3(5)
9803 6(5)
325833322 9(38468)
11437 7(5)
528886741 7(33339)
93593750 4(13529)
9802 6(5)
10 2(2)
6 1(2)
172413 9(6)
956756439 5(318920)
758126044 3(316027)
10 4(2)
842625129 1(323991)
73 4(3)
469804665 6(313813)
317396755 1(1220)
8 7(2)
3 3(2)