169880
46
511776462
83
46
513049508
64
46
58
28
2250738
54
2046362
513008202
2196874
125839
81
514202132
2153429
34
55
57
515093102
105403
150947
1922694
2103737
514045652
516437778
513837362
1636884
143718
63
144652
514149947
108259
105070
143915
2133096
134814
515588858
111065
130350
514170818
155703
2405296
99333
1718793
514108217
2324856
2398051
2215574
34
108923
162988
91731
1925664
31
132658
148983
59
64
512915322
120422
46
65
1599909
68
72
1306894
1259968
514977393
2022201
119884
2133886
39
512832830
1865040
513608705
1961327
511409748
119728
85282
50
514599555
515588858
514358837
514212572
127597
53
515409287
1644432
1481290
136049
46
511613318
514087358
2153973
516736412
1589757